[0.010s] Invoking command in '/home/alexander/workspaces/build/ur_simulation_gazebo': CMAKE_PREFIX_PATH=${CMAKE_PREFIX_PATH}:/home/alexander/ros2_ws/install/my_robot_controller:/opt/ros/humble /usr/bin/cmake /home/alexander/workspaces/src/Universal_Robots_ROS2_Gazebo_Simulation/ur_simulation_gazebo -DCMAKE_INSTALL_PREFIX=/home/alexander/workspaces/install/ur_simulation_gazebo
[0.101s] -- The C compiler identification is GNU 11.4.0
[0.186s] -- The CXX compiler identification is GNU 11.4.0
[0.195s] -- Detecting C compiler ABI info
[0.283s] -- Detecting C compiler ABI info - done
[0.299s] -- Check for working C compiler: /usr/bin/cc - skipped
[0.299s] -- Detecting C compile features
[0.300s] -- Detecting C compile features - done
[0.307s] -- Detecting CXX compiler ABI info
[0.435s] -- Detecting CXX compiler ABI info - done
[0.454s] -- Check for working CXX compiler: /usr/bin/c++ - skipped
[0.454s] -- Detecting CXX compile features
[0.455s] -- Detecting CXX compile features - done
[0.463s] -- Found ament_cmake: 1.3.11 (/opt/ros/humble/share/ament_cmake/cmake)
[0.674s] -- Found Python3: /usr/bin/python3 (found version "3.10.12") found components: Interpreter 
[0.802s] -- Found launch_testing_ament_cmake: 1.0.9 (/opt/ros/humble/share/launch_testing_ament_cmake/cmake)
[0.804s] -- Found python_cmake_module: 0.10.0 (/opt/ros/humble/share/python_cmake_module/cmake)
[0.824s] -- Found PythonInterp: /usr/bin/python3 (found suitable version "3.10.12", minimum required is "3.6") 
[0.837s] -- Found PythonLibs: /usr/lib/x86_64-linux-gnu/libpython3.10.so (found suitable version "3.10.12", minimum required is "3.5") 
[0.837s] -- Using PYTHON_EXECUTABLE: /usr/bin/python3
[0.837s] -- Using PYTHON_INCLUDE_DIRS: /usr/include/python3.10
[0.837s] -- Using PYTHON_LIBRARIES: /usr/lib/x86_64-linux-gnu/libpython3.10.so
[0.866s] -- Found PythonExtra: .so  
[0.869s] -- Found ament_cmake_pytest: 1.3.11 (/opt/ros/humble/share/ament_cmake_pytest/cmake)
[0.941s] -- Configuring done
[0.943s] -- Generating done
[0.945s] -- Build files have been written to: /home/alexander/workspaces/build/ur_simulation_gazebo
[0.951s] Invoked command in '/home/alexander/workspaces/build/ur_simulation_gazebo' returned '0': CMAKE_PREFIX_PATH=${CMAKE_PREFIX_PATH}:/home/alexander/ros2_ws/install/my_robot_controller:/opt/ros/humble /usr/bin/cmake /home/alexander/workspaces/src/Universal_Robots_ROS2_Gazebo_Simulation/ur_simulation_gazebo -DCMAKE_INSTALL_PREFIX=/home/alexander/workspaces/install/ur_simulation_gazebo
[0.952s] Invoking command in '/home/alexander/workspaces/build/ur_simulation_gazebo': CMAKE_PREFIX_PATH=${CMAKE_PREFIX_PATH}:/home/alexander/ros2_ws/install/my_robot_controller:/opt/ros/humble /usr/bin/cmake --build /home/alexander/workspaces/build/ur_simulation_gazebo -- -j16 -l16
[0.990s] Invoked command in '/home/alexander/workspaces/build/ur_simulation_gazebo' returned '0': CMAKE_PREFIX_PATH=${CMAKE_PREFIX_PATH}:/home/alexander/ros2_ws/install/my_robot_controller:/opt/ros/humble /usr/bin/cmake --build /home/alexander/workspaces/build/ur_simulation_gazebo -- -j16 -l16
[1.000s] Invoking command in '/home/alexander/workspaces/build/ur_simulation_gazebo': CMAKE_PREFIX_PATH=${CMAKE_PREFIX_PATH}:/home/alexander/ros2_ws/install/my_robot_controller:/opt/ros/humble /usr/bin/cmake --install /home/alexander/workspaces/build/ur_simulation_gazebo
[1.008s] -- Install configuration: ""
[1.008s] -- Installing: /home/alexander/workspaces/install/ur_simulation_gazebo/share/ur_simulation_gazebo/launch
[1.008s] -- Installing: /home/alexander/workspaces/install/ur_simulation_gazebo/share/ur_simulation_gazebo/launch/ur5_pick_and_place.launch.py
[1.008s] -- Installing: /home/alexander/workspaces/install/ur_simulation_gazebo/share/ur_simulation_gazebo/launch/ur_sim_moveit.launch.py
[1.008s] -- Installing: /home/alexander/workspaces/install/ur_simulation_gazebo/share/ur_simulation_gazebo/launch/ur_sim_control.launch.py
[1.008s] -- Installing: /home/alexander/workspaces/install/ur_simulation_gazebo/share/ur_simulation_gazebo/worlds
[1.009s] -- Installing: /home/alexander/workspaces/install/ur_simulation_gazebo/share/ur_simulation_gazebo/worlds/ur5_pick_and_place.world
[1.009s] -- Installing: /home/alexander/workspaces/install/ur_simulation_gazebo/share/ur_simulation_gazebo/config
[1.009s] -- Installing: /home/alexander/workspaces/install/ur_simulation_gazebo/share/ur_simulation_gazebo/config/initial_positions.yaml
[1.009s] -- Installing: /home/alexander/workspaces/install/ur_simulation_gazebo/share/ur_simulation_gazebo/config/ur_controllers.yaml
[1.009s] -- Installing: /home/alexander/workspaces/install/ur_simulation_gazebo/lib/ur_simulation_gazebo/pick_and_place.py
[1.010s] -- Installing: /home/alexander/workspaces/install/ur_simulation_gazebo/share/ament_index/resource_index/package_run_dependencies/ur_simulation_gazebo
[1.010s] -- Installing: /home/alexander/workspaces/install/ur_simulation_gazebo/share/ament_index/resource_index/parent_prefix_path/ur_simulation_gazebo
[1.010s] -- Installing: /home/alexander/workspaces/install/ur_simulation_gazebo/share/ur_simulation_gazebo/environment/ament_prefix_path.sh
[1.010s] -- Installing: /home/alexander/workspaces/install/ur_simulation_gazebo/share/ur_simulation_gazebo/environment/ament_prefix_path.dsv
[1.010s] -- Installing: /home/alexander/workspaces/install/ur_simulation_gazebo/share/ur_simulation_gazebo/environment/path.sh
[1.010s] -- Installing: /home/alexander/workspaces/install/ur_simulation_gazebo/share/ur_simulation_gazebo/environment/path.dsv
[1.010s] -- Installing: /home/alexander/workspaces/install/ur_simulation_gazebo/share/ur_simulation_gazebo/local_setup.bash
[1.011s] -- Installing: /home/alexander/workspaces/install/ur_simulation_gazebo/share/ur_simulation_gazebo/local_setup.sh
[1.011s] -- Installing: /home/alexander/workspaces/install/ur_simulation_gazebo/share/ur_simulation_gazebo/local_setup.zsh
[1.011s] -- Installing: /home/alexander/workspaces/install/ur_simulation_gazebo/share/ur_simulation_gazebo/local_setup.dsv
[1.011s] -- Installing: /home/alexander/workspaces/install/ur_simulation_gazebo/share/ur_simulation_gazebo/package.dsv
[1.011s] -- Installing: /home/alexander/workspaces/install/ur_simulation_gazebo/share/ament_index/resource_index/packages/ur_simulation_gazebo
[1.011s] -- Installing: /home/alexander/workspaces/install/ur_simulation_gazebo/share/ur_simulation_gazebo/cmake/ur_simulation_gazeboConfig.cmake
[1.011s] -- Installing: /home/alexander/workspaces/install/ur_simulation_gazebo/share/ur_simulation_gazebo/cmake/ur_simulation_gazeboConfig-version.cmake
[1.012s] -- Installing: /home/alexander/workspaces/install/ur_simulation_gazebo/share/ur_simulation_gazebo/package.xml
[1.013s] Invoked command in '/home/alexander/workspaces/build/ur_simulation_gazebo' returned '0': CMAKE_PREFIX_PATH=${CMAKE_PREFIX_PATH}:/home/alexander/ros2_ws/install/my_robot_controller:/opt/ros/humble /usr/bin/cmake --install /home/alexander/workspaces/build/ur_simulation_gazebo
