[0.011s] Invoking command in '/home/alexander/workspaces/build/ur_simulation_gazebo': CMAKE_PREFIX_PATH=${CMAKE_PREFIX_PATH}:/home/alexander/ros2_ws/install/my_robot_controller:/opt/ros/humble /usr/bin/cmake --build /home/alexander/workspaces/build/ur_simulation_gazebo -- -j16 -l16
[0.059s] Invoked command in '/home/alexander/workspaces/build/ur_simulation_gazebo' returned '0': CMAKE_PREFIX_PATH=${CMAKE_PREFIX_PATH}:/home/alexander/ros2_ws/install/my_robot_controller:/opt/ros/humble /usr/bin/cmake --build /home/alexander/workspaces/build/ur_simulation_gazebo -- -j16 -l16
[0.081s] Invoking command in '/home/alexander/workspaces/build/ur_simulation_gazebo': CMAKE_PREFIX_PATH=${CMAKE_PREFIX_PATH}:/home/alexander/ros2_ws/install/my_robot_controller:/opt/ros/humble /usr/bin/cmake --install /home/alexander/workspaces/build/ur_simulation_gazebo
[0.099s] -- Install configuration: ""
[0.100s] -- Up-to-date: /home/alexander/workspaces/install/ur_simulation_gazebo/share/ur_simulation_gazebo/launch
[0.100s] -- Up-to-date: /home/alexander/workspaces/install/ur_simulation_gazebo/share/ur_simulation_gazebo/launch/ur5_pick_and_place.launch.py
[0.100s] -- Up-to-date: /home/alexander/workspaces/install/ur_simulation_gazebo/share/ur_simulation_gazebo/launch/ur_sim_moveit.launch.py
[0.101s] -- Installing: /home/alexander/workspaces/install/ur_simulation_gazebo/share/ur_simulation_gazebo/launch/ur_sim_control.launch.py
[0.101s] -- Up-to-date: /home/alexander/workspaces/install/ur_simulation_gazebo/share/ur_simulation_gazebo/worlds
[0.101s] -- Up-to-date: /home/alexander/workspaces/install/ur_simulation_gazebo/share/ur_simulation_gazebo/worlds/ur5_pick_and_place.world
[0.101s] -- Up-to-date: /home/alexander/workspaces/install/ur_simulation_gazebo/share/ur_simulation_gazebo/config
[0.101s] -- Up-to-date: /home/alexander/workspaces/install/ur_simulation_gazebo/share/ur_simulation_gazebo/config/initial_positions.yaml
[0.101s] -- Up-to-date: /home/alexander/workspaces/install/ur_simulation_gazebo/share/ur_simulation_gazebo/config/ur_controllers.yaml
[0.101s] -- Up-to-date: /home/alexander/workspaces/install/ur_simulation_gazebo/lib/ur_simulation_gazebo/pick_and_place.py
[0.102s] -- Up-to-date: /home/alexander/workspaces/install/ur_simulation_gazebo/share/ament_index/resource_index/package_run_dependencies/ur_simulation_gazebo
[0.102s] -- Up-to-date: /home/alexander/workspaces/install/ur_simulation_gazebo/share/ament_index/resource_index/parent_prefix_path/ur_simulation_gazebo
[0.102s] -- Up-to-date: /home/alexander/workspaces/install/ur_simulation_gazebo/share/ur_simulation_gazebo/environment/ament_prefix_path.sh
[0.102s] -- Up-to-date: /home/alexander/workspaces/install/ur_simulation_gazebo/share/ur_simulation_gazebo/environment/ament_prefix_path.dsv
[0.102s] -- Up-to-date: /home/alexander/workspaces/install/ur_simulation_gazebo/share/ur_simulation_gazebo/environment/path.sh
[0.102s] -- Up-to-date: /home/alexander/workspaces/install/ur_simulation_gazebo/share/ur_simulation_gazebo/environment/path.dsv
[0.102s] -- Up-to-date: /home/alexander/workspaces/install/ur_simulation_gazebo/share/ur_simulation_gazebo/local_setup.bash
[0.102s] -- Up-to-date: /home/alexander/workspaces/install/ur_simulation_gazebo/share/ur_simulation_gazebo/local_setup.sh
[0.102s] -- Up-to-date: /home/alexander/workspaces/install/ur_simulation_gazebo/share/ur_simulation_gazebo/local_setup.zsh
[0.103s] -- Up-to-date: /home/alexander/workspaces/install/ur_simulation_gazebo/share/ur_simulation_gazebo/local_setup.dsv
[0.103s] -- Up-to-date: /home/alexander/workspaces/install/ur_simulation_gazebo/share/ur_simulation_gazebo/package.dsv
[0.103s] -- Up-to-date: /home/alexander/workspaces/install/ur_simulation_gazebo/share/ament_index/resource_index/packages/ur_simulation_gazebo
[0.103s] -- Up-to-date: /home/alexander/workspaces/install/ur_simulation_gazebo/share/ur_simulation_gazebo/cmake/ur_simulation_gazeboConfig.cmake
[0.103s] -- Up-to-date: /home/alexander/workspaces/install/ur_simulation_gazebo/share/ur_simulation_gazebo/cmake/ur_simulation_gazeboConfig-version.cmake
[0.103s] -- Up-to-date: /home/alexander/workspaces/install/ur_simulation_gazebo/share/ur_simulation_gazebo/package.xml
[0.104s] Invoked command in '/home/alexander/workspaces/build/ur_simulation_gazebo' returned '0': CMAKE_PREFIX_PATH=${CMAKE_PREFIX_PATH}:/home/alexander/ros2_ws/install/my_robot_controller:/opt/ros/humble /usr/bin/cmake --install /home/alexander/workspaces/build/ur_simulation_gazebo
