[0.010s] Invoking command in '/home/alexander/workspaces/build/ur_simulation_gazebo': CMAKE_PREFIX_PATH=${CMAKE_PREFIX_PATH}:/home/alexander/ros2_ws/install/my_robot_controller:/opt/ros/humble /usr/bin/cmake /home/alexander/workspaces/src/Universal_Robots_ROS2_Gazebo_Simulation/ur_simulation_gazebo -DCMAKE_INSTALL_PREFIX=/home/alexander/workspaces/install/ur_simulation_gazebo
[0.098s] -- The C compiler identification is GNU 11.4.0
[0.160s] -- The CXX compiler identification is GNU 11.4.0
[0.170s] -- Detecting C compiler ABI info
[0.262s] -- Detecting C compiler ABI info - done
[0.278s] -- Check for working C compiler: /usr/bin/cc - skipped
[0.279s] -- Detecting C compile features
[0.279s] -- Detecting C compile features - done
[0.286s] -- Detecting CXX compiler ABI info
[0.401s] -- Detecting CXX compiler ABI info - done
[0.417s] -- Check for working CXX compiler: /usr/bin/c++ - skipped
[0.417s] -- Detecting CXX compile features
[0.418s] -- Detecting CXX compile features - done
[0.423s] -- Found ament_cmake: 1.3.11 (/opt/ros/humble/share/ament_cmake/cmake)
[0.589s] -- Found Python3: /usr/bin/python3 (found version "3.10.12") found components: Interpreter 
[0.704s] -- Found launch_testing_ament_cmake: 1.0.9 (/opt/ros/humble/share/launch_testing_ament_cmake/cmake)
[0.705s] -- Found python_cmake_module: 0.10.0 (/opt/ros/humble/share/python_cmake_module/cmake)
[0.736s] -- Found PythonInterp: /usr/bin/python3 (found suitable version "3.10.12", minimum required is "3.6") 
[0.748s] -- Found PythonLibs: /usr/lib/x86_64-linux-gnu/libpython3.10.so (found suitable version "3.10.12", minimum required is "3.5") 
[0.748s] -- Using PYTHON_EXECUTABLE: /usr/bin/python3
[0.748s] -- Using PYTHON_INCLUDE_DIRS: /usr/include/python3.10
[0.748s] -- Using PYTHON_LIBRARIES: /usr/lib/x86_64-linux-gnu/libpython3.10.so
[0.767s] -- Found PythonExtra: .so  
[0.769s] -- Found ament_cmake_pytest: 1.3.11 (/opt/ros/humble/share/ament_cmake_pytest/cmake)
[0.829s] -- Configuring done
[0.835s] -- Generating done
[0.840s] -- Build files have been written to: /home/alexander/workspaces/build/ur_simulation_gazebo
[0.851s] Invoked command in '/home/alexander/workspaces/build/ur_simulation_gazebo' returned '0': CMAKE_PREFIX_PATH=${CMAKE_PREFIX_PATH}:/home/alexander/ros2_ws/install/my_robot_controller:/opt/ros/humble /usr/bin/cmake /home/alexander/workspaces/src/Universal_Robots_ROS2_Gazebo_Simulation/ur_simulation_gazebo -DCMAKE_INSTALL_PREFIX=/home/alexander/workspaces/install/ur_simulation_gazebo
[0.856s] Invoking command in '/home/alexander/workspaces/build/ur_simulation_gazebo': CMAKE_PREFIX_PATH=${CMAKE_PREFIX_PATH}:/home/alexander/ros2_ws/install/my_robot_controller:/opt/ros/humble /usr/bin/cmake --build /home/alexander/workspaces/build/ur_simulation_gazebo -- -j16 -l16
[0.908s] Invoked command in '/home/alexander/workspaces/build/ur_simulation_gazebo' returned '0': CMAKE_PREFIX_PATH=${CMAKE_PREFIX_PATH}:/home/alexander/ros2_ws/install/my_robot_controller:/opt/ros/humble /usr/bin/cmake --build /home/alexander/workspaces/build/ur_simulation_gazebo -- -j16 -l16
[0.919s] Invoking command in '/home/alexander/workspaces/build/ur_simulation_gazebo': CMAKE_PREFIX_PATH=${CMAKE_PREFIX_PATH}:/home/alexander/ros2_ws/install/my_robot_controller:/opt/ros/humble /usr/bin/cmake --install /home/alexander/workspaces/build/ur_simulation_gazebo
[0.927s] -- Install configuration: ""
[0.927s] -- Installing: /home/alexander/workspaces/install/ur_simulation_gazebo/share/ur_simulation_gazebo/launch
[0.928s] -- Installing: /home/alexander/workspaces/install/ur_simulation_gazebo/share/ur_simulation_gazebo/launch/ur5_pick_and_place.launch.py
[0.928s] -- Installing: /home/alexander/workspaces/install/ur_simulation_gazebo/share/ur_simulation_gazebo/launch/ur_sim_moveit.launch.py
[0.928s] -- Installing: /home/alexander/workspaces/install/ur_simulation_gazebo/share/ur_simulation_gazebo/launch/ur_sim_control.launch.py
[0.928s] -- Installing: /home/alexander/workspaces/install/ur_simulation_gazebo/share/ur_simulation_gazebo/worlds
[0.928s] -- Installing: /home/alexander/workspaces/install/ur_simulation_gazebo/share/ur_simulation_gazebo/worlds/ur5_pick_and_place.world
[0.928s] -- Installing: /home/alexander/workspaces/install/ur_simulation_gazebo/share/ur_simulation_gazebo/config
[0.929s] -- Installing: /home/alexander/workspaces/install/ur_simulation_gazebo/share/ur_simulation_gazebo/config/initial_positions.yaml
[0.929s] -- Installing: /home/alexander/workspaces/install/ur_simulation_gazebo/share/ur_simulation_gazebo/config/ur_controllers.yaml
[0.929s] -- Installing: /home/alexander/workspaces/install/ur_simulation_gazebo/lib/ur_simulation_gazebo/pick_and_place.py
[0.929s] -- Installing: /home/alexander/workspaces/install/ur_simulation_gazebo/share/ament_index/resource_index/package_run_dependencies/ur_simulation_gazebo
[0.929s] -- Installing: /home/alexander/workspaces/install/ur_simulation_gazebo/share/ament_index/resource_index/parent_prefix_path/ur_simulation_gazebo
[0.930s] -- Installing: /home/alexander/workspaces/install/ur_simulation_gazebo/share/ur_simulation_gazebo/environment/ament_prefix_path.sh
[0.930s] -- Installing: /home/alexander/workspaces/install/ur_simulation_gazebo/share/ur_simulation_gazebo/environment/ament_prefix_path.dsv
[0.930s] -- Installing: /home/alexander/workspaces/install/ur_simulation_gazebo/share/ur_simulation_gazebo/environment/path.sh
[0.930s] -- Installing: /home/alexander/workspaces/install/ur_simulation_gazebo/share/ur_simulation_gazebo/environment/path.dsv
[0.930s] -- Installing: /home/alexander/workspaces/install/ur_simulation_gazebo/share/ur_simulation_gazebo/local_setup.bash
[0.930s] -- Installing: /home/alexander/workspaces/install/ur_simulation_gazebo/share/ur_simulation_gazebo/local_setup.sh
[0.931s] -- Installing: /home/alexander/workspaces/install/ur_simulation_gazebo/share/ur_simulation_gazebo/local_setup.zsh
[0.931s] -- Installing: /home/alexander/workspaces/install/ur_simulation_gazebo/share/ur_simulation_gazebo/local_setup.dsv
[0.931s] -- Installing: /home/alexander/workspaces/install/ur_simulation_gazebo/share/ur_simulation_gazebo/package.dsv
[0.931s] -- Installing: /home/alexander/workspaces/install/ur_simulation_gazebo/share/ament_index/resource_index/packages/ur_simulation_gazebo
[0.932s] -- Installing: /home/alexander/workspaces/install/ur_simulation_gazebo/share/ur_simulation_gazebo/cmake/ur_simulation_gazeboConfig.cmake
[0.933s] -- Installing: /home/alexander/workspaces/install/ur_simulation_gazebo/share/ur_simulation_gazebo/cmake/ur_simulation_gazeboConfig-version.cmake
[0.933s] -- Installing: /home/alexander/workspaces/install/ur_simulation_gazebo/share/ur_simulation_gazebo/package.xml
[0.933s] Invoked command in '/home/alexander/workspaces/build/ur_simulation_gazebo' returned '0': CMAKE_PREFIX_PATH=${CMAKE_PREFIX_PATH}:/home/alexander/ros2_ws/install/my_robot_controller:/opt/ros/humble /usr/bin/cmake --install /home/alexander/workspaces/build/ur_simulation_gazebo
